{
  "RSpec": {
    "coverage": {
      "C:/Users/kylan/RubymineProjects/willCodeForFood/app/controllers/application_controller.rb": [
        1,
        null,
        null,
        1,
        null,
        null,
        null
      ],
      "C:/Users/kylan/RubymineProjects/willCodeForFood/app/models/admin_user.rb": [
        1,
        null,
        null,
        1,
        null,
        null
      ],
      "C:/Users/kylan/RubymineProjects/willCodeForFood/app/models/application_record.rb": [
        1,
        1,
        null
      ],
      "C:/Users/kylan/RubymineProjects/willCodeForFood/app/admin/admin_users.rb": [
        1,
        1,
        null,
        1,
        0,
        0,
        0,
        0,
        0,
        0,
        0,
        null,
        null,
        1,
        1,
        1,
        1,
        null,
        1,
        0,
        0,
        0,
        0,
        null,
        0,
        null,
        null,
        null
      ],
      "C:/Users/kylan/RubymineProjects/willCodeForFood/app/admin/dashboard.rb": [
        1,
        null,
        1,
        null,
        1,
        0,
        0,
        0,
        0,
        null,
        null,
        null,
        null,
        null,
        null,
        null,
        null,
        null,
        null,
        null,
        null,
        null,
        null,
        null,
        null,
        null,
        null,
        null,
        null,
        null,
        null,
        null,
        null
      ],
      "C:/Users/kylan/RubymineProjects/willCodeForFood/app/admin/members.rb": [
        1,
        1,
        null,
        null,
        null,
        null,
        null
      ],
      "C:/Users/kylan/RubymineProjects/willCodeForFood/app/models/member.rb": [
        1,
        1,
        null,
        1,
        null
      ],
      "C:/Users/kylan/RubymineProjects/willCodeForFood/app/controllers/events_controller.rb": [
        1,
        null,
        null,
        1,
        1,
        1,
        null,
        null,
        null,
        1,
        0,
        null,
        null,
        null,
        1,
        1,
        null,
        1,
        0,
        null,
        1,
        null,
        null,
        null,
        null,
        1,
        0,
        0,
        null,
        0,
        null,
        null,
        null,
        null,
        1,
        0,
        null,
        null,
        1,
        null,
        1,
        null,
        null,
        null,
        null
      ],
      "C:/Users/kylan/RubymineProjects/willCodeForFood/app/controllers/members_controller.rb": [
        1,
        1,
        null,
        null,
        1,
        1,
        null,
        1,
        null,
        null,
        null,
        1,
        1,
        null,
        null,
        null,
        1,
        null,
        1,
        null,
        1,
        0,
        null,
        1,
        null,
        null,
        null,
        null,
        1,
        1,
        1,
        null,
        0,
        null,
        null,
        null,
        null,
        1,
        1,
        null,
        null,
        1,
        null,
        1,
        3,
        null,
        null,
        null,
        1,
        2,
        null,
        null,
        null
      ],
      "C:/Users/kylan/RubymineProjects/willCodeForFood/app/controllers/api_controller.rb": [
        1,
        null,
        null,
        null,
        null,
        1,
        0,
        null,
        null
      ],
      "C:/Users/kylan/RubymineProjects/willCodeForFood/app/models/event.rb": [
        1,
        null,
        null,
        1,
        null
      ],
      "C:/Users/kylan/RubymineProjects/willCodeForFood/app/serializers/member_serializer.rb": [
        1,
        1,
        null,
        null
      ],
      "C:/Users/kylan/RubymineProjects/willCodeForFood/app/channels/application_cable/channel.rb": [
        0,
        0,
        0,
        0
      ],
      "C:/Users/kylan/RubymineProjects/willCodeForFood/app/channels/application_cable/connection.rb": [
        0,
        0,
        0,
        0
      ],
      "C:/Users/kylan/RubymineProjects/willCodeForFood/app/controllers/fnames_controller.rb": [
        0,
        0,
        null,
        null,
        0,
        0,
        null,
        0,
        0,
        null,
        null,
        0,
        0,
        0,
        null,
        null,
        0,
        0,
        null,
        0,
        0,
        0,
        0,
        0,
        0,
        null,
        null,
        0,
        0,
        0,
        0,
        0,
        0,
        0,
        null,
        null,
        0,
        0,
        0,
        null,
        0,
        null,
        0,
        0,
        0,
        null,
        null,
        0,
        0,
        0,
        0
      ],
      "C:/Users/kylan/RubymineProjects/willCodeForFood/app/controllers/sessions_controller.rb": [
        0,
        0,
        0,
        null,
        0,
        0,
        null,
        0,
        0,
        0
      ],
      "C:/Users/kylan/RubymineProjects/willCodeForFood/app/controllers/shop_controller.rb": [
        0,
        0,
        0,
        0,
        0,
        0,
        0,
        null,
        null,
        0,
        0,
        0,
        0,
        0,
        0,
        0,
        null,
        null,
        0
      ],
      "C:/Users/kylan/RubymineProjects/willCodeForFood/app/jobs/application_job.rb": [
        0,
        0
      ],
      "C:/Users/kylan/RubymineProjects/willCodeForFood/app/mailers/application_mailer.rb": [
        0,
        0,
        0,
        0
      ],
      "C:/Users/kylan/RubymineProjects/willCodeForFood/app/mailers/user_mailer.rb": [
        0,
        null,
        0,
        null,
        0,
        0,
        0,
        0,
        0,
        0,
        null,
        0,
        0,
        0,
        0,
        0,
        0,
        0,
        0,
        0
      ],
      "C:/Users/kylan/RubymineProjects/willCodeForFood/app/models/fname.rb": [
        0,
        0
      ]
    },
    "timestamp": 1554177628
  }
}
